  pch.cpp
  BackingAllocator_WIN.cpp
  Allocators.cpp
  Main.cpp
E:\BuildingBlockEngine\BuildingBlock_Engine\memory_studies\Allocator\Framework\pointerUtils.h(28,17): warning C4505: 'BB::pointerutils::alignForwardAdjustmentHeader': unreferenced function with internal linkage has been removed (compiling source file Framework\BackingAllocator_WIN.cpp)
E:\BuildingBlockEngine\BuildingBlock_Engine\memory_studies\Allocator\Framework\Allocators.cpp(195,51): warning C4100: 'a_Size': unreferenced formal parameter
E:\BuildingBlockEngine\BuildingBlock_Engine\memory_studies\Allocator\Framework\Storage\Dynamic_Array.h(43,45): warning C4100: 'a_Element': unreferenced formal parameter (compiling source file Main.cpp)
E:\BuildingBlockEngine\BuildingBlock_Engine\memory_studies\Allocator\Framework\Storage\Dynamic_Array.h(44): message : while compiling class template member function 'void BB::Dynamic_Array<size_t>::push_back(T &)'
          with
          [
              T=size_t
          ] (compiling source file Main.cpp)
E:\BuildingBlockEngine\BuildingBlock_Engine\memory_studies\Allocator\Main.cpp(33): message : see reference to function template instantiation 'void BB::Dynamic_Array<size_t>::push_back(T &)' being compiled
          with
          [
              T=size_t
          ]
E:\BuildingBlockEngine\BuildingBlock_Engine\memory_studies\Allocator\Main.cpp(28): message : see reference to class template instantiation 'BB::Dynamic_Array<size_t>' being compiled
E:\BuildingBlockEngine\BuildingBlock_Engine\memory_studies\Allocator\Framework\Allocators.h(102,1): warning C4127: conditional expression is constant (compiling source file Framework\Allocators.cpp)
E:\BuildingBlockEngine\BuildingBlock_Engine\memory_studies\Allocator\Framework\Allocators_UTEST.h(97): message : see reference to function template instantiation 'T *BB::AllocNewArray<size32Bytes,BB::unsafeLinearAllocator_t>(MemoryArena &,size_t)' being compiled
          with
          [
              T=size32Bytes,
              MemoryArena=BB::unsafeLinearAllocator_t
          ] (compiling source file Framework\Allocators.cpp)
E:\BuildingBlockEngine\BuildingBlock_Engine\memory_studies\Allocator\UnitTests\Utils\Math.h(12,14): warning C4505: 'Utils::SetMathRandomSeed': unreferenced function with internal linkage has been removed (compiling source file Framework\Allocators.cpp)
E:\BuildingBlockEngine\BuildingBlock_Engine\memory_studies\Allocator\UnitTests\Utils\Math.h(56,22): warning C4505: 'Utils::RandomUintMinMax': unreferenced function with internal linkage has been removed (compiling source file Framework\Allocators.cpp)
Allocators.obj : error LNK2019: unresolved external symbol "bool __cdecl testing::internal::IsTrue(bool)" (?IsTrue@internal@testing@@YA_N_N@Z) referenced in function "public: static void (__cdecl*__cdecl testing::internal::SuiteApiResolver<class testing::Test>::GetSetUpCaseOrSuite(char const *,int))(void)" (?GetSetUpCaseOrSuite@?$SuiteApiResolver@VTest@testing@@@internal@testing@@SAP6AXXZPBDH@Z)
Allocators.obj : error LNK2019: unresolved external symbol "public: __thiscall testing::internal::GTestLog::GTestLog(enum testing::internal::GTestLogSeverity,char const *,int)" (??0GTestLog@internal@testing@@QAE@W4GTestLogSeverity@12@PBDH@Z) referenced in function "public: static void (__cdecl*__cdecl testing::internal::SuiteApiResolver<class testing::Test>::GetSetUpCaseOrSuite(char const *,int))(void)" (?GetSetUpCaseOrSuite@?$SuiteApiResolver@VTest@testing@@@internal@testing@@SAP6AXXZPBDH@Z)
Allocators.obj : error LNK2019: unresolved external symbol "public: __thiscall testing::internal::GTestLog::~GTestLog(void)" (??1GTestLog@internal@testing@@QAE@XZ) referenced in function "public: static void (__cdecl*__cdecl testing::internal::SuiteApiResolver<class testing::Test>::GetSetUpCaseOrSuite(char const *,int))(void)" (?GetSetUpCaseOrSuite@?$SuiteApiResolver@VTest@testing@@@internal@testing@@SAP6AXXZPBDH@Z)
Allocators.obj : error LNK2019: unresolved external symbol "public: __thiscall testing::Message::Message(void)" (??0Message@testing@@QAE@XZ) referenced in function "private: virtual void __thiscall MemoryAllocators_FREELIST_ARRAY_ALLOCATIONS_Test::TestBody(void)" (?TestBody@MemoryAllocators_FREELIST_ARRAY_ALLOCATIONS_Test@@EAEXXZ)
Allocators.obj : error LNK2019: unresolved external symbol "class testing::AssertionResult __cdecl testing::internal::EqFailure(char const *,char const *,class std::basic_string<char,struct std::char_traits<char>,class std::allocator<char> > const &,class std::basic_string<char,struct std::char_traits<char>,class std::allocator<char> > const &,bool)" (?EqFailure@internal@testing@@YA?AVAssertionResult@2@PBD0ABV?$basic_string@DU?$char_traits@D@std@@V?$allocator@D@2@@std@@1_N@Z) referenced in function "class testing::AssertionResult __cdecl testing::internal::CmpHelperEQFailure<struct `private: virtual void __thiscall MemoryAllocators_FREELIST_SINGLE_ALLOCATIONS_Test::TestBody(void)'::`2'::size256Bytes *,void *>(char const *,char const *,struct `private: virtual void __thiscall MemoryAllocators_FREELIST_SINGLE_ALLOCATIONS_Test::TestBody(void)'::`2'::size256Bytes * const &,void * const &)" (??$CmpHelperEQFailure@PAUsize256Bytes@?1??TestBody@MemoryAllocators_FREELIST_SINGLE_ALLOCATIONS_Test@@EAEXXZ@PAX@internal@testing@@YA?AVAssertionResult@1@PBD0ABQAUsize256Bytes@?1??TestBody@MemoryAllocators_FREELIST_SINGLE_ALLOCATIONS_Test@@EAEXXZ@ABQAX@Z)
Allocators.obj : error LNK2019: unresolved external symbol "void const * __cdecl testing::internal::GetTestTypeId(void)" (?GetTestTypeId@internal@testing@@YAPBXXZ) referenced in function "void __cdecl `dynamic initializer for 'private: static class testing::TestInfo * MemoryAllocators_FREELIST_ARRAY_ALLOCATIONS_Test::test_info_''(void)" (??__E?test_info_@MemoryAllocators_FREELIST_ARRAY_ALLOCATIONS_Test@@0QAVTestInfo@testing@@A@@YAXXZ)
Allocators.obj : error LNK2019: unresolved external symbol "class testing::TestInfo * __cdecl testing::internal::MakeAndRegisterTestInfo(char const *,char const *,char const *,char const *,struct testing::internal::CodeLocation,void const *,void (__cdecl*)(void),void (__cdecl*)(void),class testing::internal::TestFactoryBase *)" (?MakeAndRegisterTestInfo@internal@testing@@YAPAVTestInfo@2@PBD000UCodeLocation@12@PBXP6AXXZ3PAVTestFactoryBase@12@@Z) referenced in function "void __cdecl `dynamic initializer for 'private: static class testing::TestInfo * MemoryAllocators_FREELIST_ARRAY_ALLOCATIONS_Test::test_info_''(void)" (??__E?test_info_@MemoryAllocators_FREELIST_ARRAY_ALLOCATIONS_Test@@0QAVTestInfo@testing@@A@@YAXXZ)
Allocators.obj : error LNK2019: unresolved external symbol "class testing::AssertionResult __cdecl testing::AssertionSuccess(void)" (?AssertionSuccess@testing@@YA?AVAssertionResult@1@XZ) referenced in function "class testing::AssertionResult __cdecl testing::internal::CmpHelperEQ<struct `private: virtual void __thiscall MemoryAllocators_FREELIST_SINGLE_ALLOCATIONS_Test::TestBody(void)'::`2'::size256Bytes *,void *>(char const *,char const *,struct `private: virtual void __thiscall MemoryAllocators_FREELIST_SINGLE_ALLOCATIONS_Test::TestBody(void)'::`2'::size256Bytes * const &,void * const &)" (??$CmpHelperEQ@PAUsize256Bytes@?1??TestBody@MemoryAllocators_FREELIST_SINGLE_ALLOCATIONS_Test@@EAEXXZ@PAX@internal@testing@@YA?AVAssertionResult@1@PBD0ABQAUsize256Bytes@?1??TestBody@MemoryAllocators_FREELIST_SINGLE_ALLOCATIONS_Test@@EAEXXZ@ABQAX@Z)
Allocators.obj : error LNK2019: unresolved external symbol "public: virtual __thiscall testing::Test::~Test(void)" (??1Test@testing@@UAE@XZ) referenced in function "public: virtual __thiscall MemoryAllocators_FREELIST_ARRAY_ALLOCATIONS_Test::~MemoryAllocators_FREELIST_ARRAY_ALLOCATIONS_Test(void)" (??1MemoryAllocators_FREELIST_ARRAY_ALLOCATIONS_Test@@UAE@XZ)
Allocators.obj : error LNK2019: unresolved external symbol "protected: __thiscall testing::Test::Test(void)" (??0Test@testing@@IAE@XZ) referenced in function "public: __thiscall MemoryAllocators_FREELIST_ARRAY_ALLOCATIONS_Test::MemoryAllocators_FREELIST_ARRAY_ALLOCATIONS_Test(void)" (??0MemoryAllocators_FREELIST_ARRAY_ALLOCATIONS_Test@@QAE@XZ)
Allocators.obj : error LNK2001: unresolved external symbol "protected: virtual void __thiscall testing::Test::SetUp(void)" (?SetUp@Test@testing@@MAEXXZ)
Allocators.obj : error LNK2001: unresolved external symbol "protected: virtual void __thiscall testing::Test::TearDown(void)" (?TearDown@Test@testing@@MAEXXZ)
Allocators.obj : error LNK2019: unresolved external symbol "public: __thiscall testing::internal::AssertHelper::AssertHelper(enum testing::TestPartResult::Type,char const *,int,char const *)" (??0AssertHelper@internal@testing@@QAE@W4Type@TestPartResult@2@PBDH1@Z) referenced in function "private: virtual void __thiscall MemoryAllocators_FREELIST_ARRAY_ALLOCATIONS_Test::TestBody(void)" (?TestBody@MemoryAllocators_FREELIST_ARRAY_ALLOCATIONS_Test@@EAEXXZ)
Allocators.obj : error LNK2019: unresolved external symbol "public: __thiscall testing::internal::AssertHelper::~AssertHelper(void)" (??1AssertHelper@internal@testing@@QAE@XZ) referenced in function "private: virtual void __thiscall MemoryAllocators_FREELIST_ARRAY_ALLOCATIONS_Test::TestBody(void)" (?TestBody@MemoryAllocators_FREELIST_ARRAY_ALLOCATIONS_Test@@EAEXXZ)
Allocators.obj : error LNK2019: unresolved external symbol "public: void __thiscall testing::internal::AssertHelper::operator=(class testing::Message const &)const " (??4AssertHelper@internal@testing@@QBEXABVMessage@2@@Z) referenced in function "private: virtual void __thiscall MemoryAllocators_FREELIST_ARRAY_ALLOCATIONS_Test::TestBody(void)" (?TestBody@MemoryAllocators_FREELIST_ARRAY_ALLOCATIONS_Test@@EAEXXZ)
Main.obj : error LNK2019: unresolved external symbol "public: static class testing::UnitTest * __cdecl testing::UnitTest::GetInstance(void)" (?GetInstance@UnitTest@testing@@SAPAV12@XZ) referenced in function "int __cdecl RUN_ALL_TESTS(void)" (?RUN_ALL_TESTS@@YAHXZ)
Main.obj : error LNK2019: unresolved external symbol "public: int __thiscall testing::UnitTest::Run(void)" (?Run@UnitTest@testing@@QAEHXZ) referenced in function "int __cdecl RUN_ALL_TESTS(void)" (?RUN_ALL_TESTS@@YAHXZ)
Main.obj : error LNK2019: unresolved external symbol "void __cdecl testing::InitGoogleTest(void)" (?InitGoogleTest@testing@@YAXXZ) referenced in function _main
E:\BuildingBlockEngine\BuildingBlock_Engine\memory_studies\Allocator\UnitTests\googletest\Debug\gtest_main.lib : warning LNK4272: library machine type 'x64' conflicts with target machine type 'x86'
E:\BuildingBlockEngine\BuildingBlock_Engine\memory_studies\Allocator\UnitTests\googletest\Debug\gtest.lib : warning LNK4272: library machine type 'x64' conflicts with target machine type 'x86'
E:\BuildingBlockEngine\BuildingBlock_Engine\memory_studies\Allocator\Debug\Allocator.exe : fatal error LNK1120: 18 unresolved externals
